<?xml version="1.0" encoding="UTF-8"?>
<testng-results skipped="0" failed="0" ignored="0" total="1" passed="1">
  <reporter-output>
  </reporter-output>
  <suite name="Surefire suite" duration-ms="78" started-at="2021-08-05T20:26:49 IST" finished-at="2021-08-05T20:26:50 IST">
    <groups>
    </groups>
    <test name="Surefire test" duration-ms="78" started-at="2021-08-05T20:26:49 IST" finished-at="2021-08-05T20:26:50 IST">
      <class name="mavenTutorial.MavenDemo.SeleniumTest">
        <test-method status="PASS" signature="BrowserAUTomation()[pri:0, instance:mavenTutorial.MavenDemo.SeleniumTest@32709393]" name="BrowserAUTomation" duration-ms="8" started-at="2021-08-05T20:26:49 IST" finished-at="2021-08-05T20:26:49 IST">
          <reporter-output>
          </reporter-output>
        </test-method> <!-- BrowserAUTomation -->
      </class> <!-- mavenTutorial.MavenDemo.SeleniumTest -->
    </test> <!-- Surefire test -->
  </suite> <!-- Surefire suite -->
</testng-results>
