<?xml version="1.0" encoding="UTF-8"?>
<testng-results ignored="1" total="2" passed="1" failed="0" skipped="0">
  <reporter-output>
  </reporter-output>
  <suite started-at="2021-08-05T14:33:02 IST" name="Default suite" finished-at="2021-08-05T14:33:02 IST" duration-ms="83">
    <groups>
    </groups>
    <test started-at="2021-08-05T14:33:02 IST" name="Default test" finished-at="2021-08-05T14:33:02 IST" duration-ms="83">
      <class name="mavenTutorial.MavenDemo.SeleniumTest">
        <test-method signature="BrowserAUTomation()[pri:0, instance:mavenTutorial.MavenDemo.SeleniumTest@76ed1b7c]" started-at="2021-08-05T14:33:02 IST" name="BrowserAUTomation" finished-at="2021-08-05T14:33:02 IST" duration-ms="15" status="PASS">
          <reporter-output>
          </reporter-output>
        </test-method> <!-- BrowserAUTomation -->
      </class> <!-- mavenTutorial.MavenDemo.SeleniumTest -->
    </test> <!-- Default test -->
  </suite> <!-- Default suite -->
</testng-results>
